argcomplete (1.8.1)
argh (0.26.2)
asn1crypto (0.24.0)
attrs (17.4.0)
binwalk (2.1.1)
blinker (1.4)
boofuzz (0.0.11)
Brlapi (0.6.7)
brotlipy (0.7.0)
cement (2.10.2)
certifi (2018.1.18)
cffi (1.11.5)
chardet (3.0.4)
chrome-gnome-shell (0.0.0)
click (6.7)
colorama (0.3.7)
construct (2.8.17)
cryptography (2.1.4)
cssutils (1.0.2)
cupshelpers (1.0)
cycler (0.10.0)
decorator (4.1.2)
docopt (0.6.2)
EditorConfig (0.12.1)
feedparser (5.2.1)
Flask (0.10.1)
future (0.16.0)
h11 (0.7.0)
h2 (2.6.2)
hpack (3.0.0)
html2text (2016.9.19)
httpie (0.9.9)
httpie-http2 (0.0.1)
httplib2 (0.9.2)
hyper (0.7.0)
hyperframe (3.2.0)
icdiff (1.9.1)
idna (2.6)
impacket (0.9.15)
ipython (6.2.1)
ipython-genutils (0.2.0)
itsdangerous (0.24)
jedi (0.11.1)
Jinja2 (2.10)
jsbeautifier (1.6.14)
kaitaistruct (0.8)
keyrings.alt (3.0)
ldap3 (2.4.1)
louis (3.5.0)
Mako (1.0.7)
MarkupSafe (1.0)
matplotlib (2.1.1)
mitmproxy (3.0.3)
numpy (1.14.2)
olefile (0.45.1)
packaging (16.8)
parso (0.1.1)
passlib (1.7.1)
pathtools (0.1.2)
pexpect (4.2.1)
pickleshare (0.7.4)
Pillow (4.3.0)
pip (9.0.1)
prompt-toolkit (1.0.15, /usr/local/lib/python3.6/dist-packages)
psutil (5.4.3)
pyasn1 (0.4.2)
pycairo (1.16.2)
pycparser (2.18)
pycrypto (2.6.1)
pycups (1.9.73)
pycurl (7.43.0.1)
pydot (1.2.4)
Pygments (2.2.0)
pygobject (3.26.1)
pyinotify (0.9.6)
PyOpenGL (3.1.0)
pyOpenSSL (17.5.0)
pyparsing (2.2.0)
pyperclip (1.6.0)
pyqtgraph (0.10.0)
pyserial (3.4)
pysmbc (1.0.15.6)
python-apt (1.4.0b3+b1)
python-dateutil (2.6.1)
python-debian (0.1.32)
python-debianbts (2.7.2)
pytz (2018.3)
pyxdg (0.25)
PyYAML (3.12)
pyzmq (17.0.0)
reportbug (7.1.10)
reportlab (3.4.0)
requests (2.18.4)
ruamel.yaml (0.15.35)
scapy-python3 (0.23)
scipy (0.19.1)
scour (0.36)
setuptools (38.5.2)
simplegeneric (0.8.1)
simplejson (3.13.2)
six (1.11.0)
sortedcontainers (1.5.9)
tornado (4.0.2)
traitlets (4.3.2)
urh (2.0.0)
urllib3 (1.22)
urwid (2.0.1)
watchdog (0.8.3)
wcwidth (0.1.7)
Werkzeug (0.14.1)
wheel (0.30.0)
wsproto (0.11.0)