afl
aircrack-ng
apt-transport-https
beef-xss
binwalk
bro
burpsuite
cewl
chirp
cowpatty
default-libmysqlclient-dev
default-mysql-client
default-mysql-server
dos2unix
elasticsearch
ent
fern-wifi-cracker
flashplugin-nonfree
fwbuilder
gcc-msp430
gdb
gdb-msp430
ghex
git
gksu
gnuplot
gqrx-sdr
gr-gsm
hackrf
hydra
jad
john
kali-menu
kibana
killerbee
kismet
laudanum
libapache2-mod-php
libcanberra-gtk-module
libevent-dev
libgnomecanvas2-0
libgnomecanvas2-common
libgnomecanvasmm-2.6-1v5
libjson-perl
libnet-pcap-perl
libpython3-dev
libssl-dev
libxml2-dev
libxslt1-dev
lynis
magicrescue
maltego-teeth
mercurial
metasploit-framework
mitmproxy
mono-complete
mspdebug
nftables
open-vm-tools
open-vm-tools
open-vm-tools-desktop
p0f
padbuster
php7.0-mysql
php-mysql
python3-docopt
python3-pip
python3-psutil
python3-pyqt5
python3-scapy
python3-serial
python-libusb1
python-mysqldb
python-pip
python-pygame
python-pymodbus
python-usb
radare2
rfcat
rtlsdr-scanner
scalpel
screen
sdcc
snmp-mibs-downloader
snort
sqlmap
subversion
sudo
tshark
ubertooth
vim
virtualbox-guest-dkms
volatility
vusb-analyzer
wifi-honey
wireshark
zaproxy
